<?xml version="1.0" encoding="UTF-8"?>
<!-- Generated by org.testng.reporters.JUnitReportReporter -->
<testsuite hostname="8b1ebbeca240" failures="0" tests="9" name="com.aditya.tests.vendorportal.VendorPortalTest" time="75.209" errors="0" timestamp="2024-10-02T13:04:53 GMT" skipped="0">
  <testcase classname="com.aditya.tests.vendorportal.VendorPortalTest" name="dashBoardTest" time="5.688"/>
  <testcase classname="com.aditya.tests.vendorportal.VendorPortalTest" name="logoutTest" time="19.433"/>
  <testcase classname="com.aditya.tests.vendorportal.VendorPortalTest" name="logoutTest" time="6.299"/>
  <testcase classname="com.aditya.tests.vendorportal.VendorPortalTest" name="dashBoardTest" time="5.688"/>
  <testcase classname="com.aditya.tests.vendorportal.VendorPortalTest" name="loginTest" time="6.468"/>
  <testcase classname="com.aditya.tests.vendorportal.VendorPortalTest" name="dashBoardTest" time="5.759"/>
  <testcase classname="com.aditya.tests.vendorportal.VendorPortalTest" name="loginTest" time="6.475"/>
  <testcase classname="com.aditya.tests.vendorportal.VendorPortalTest" name="loginTest" time="6.473"/>
  <testcase classname="com.aditya.tests.vendorportal.VendorPortalTest" name="logoutTest" time="12.926"/>
</testsuite> <!-- com.aditya.tests.vendorportal.VendorPortalTest -->
